<?xml version="1.0" encoding="UTF-8"?>
<testsuite name="com.manuel.proyectointegrador.EnvioServiceTest" tests="1" skipped="0" failures="0" errors="0" timestamp="2023-04-19T01:19:26" hostname="MANUEL-PC" time="0.722">
  <properties/>
  <testcase name="crearEnvio" classname="com.manuel.proyectointegrador.EnvioServiceTest" time="0.722"/>
  <system-out><![CDATA[]]></system-out>
  <system-err><![CDATA[]]></system-err>
</testsuite>
