<?xml version="1.0" encoding="UTF-8"?>
<testsuite name="com.manuel.proyectointegrador.ClienteServiceTest" tests="4" skipped="0" failures="0" errors="0" timestamp="2023-04-12T14:22:41" hostname="MANUEL-PC" time="0.124">
  <properties/>
  <testcase name="crearCliente" classname="com.manuel.proyectointegrador.ClienteServiceTest" time="0.12"/>
  <testcase name="crearClienteSinApellido" classname="com.manuel.proyectointegrador.ClienteServiceTest" time="0.001"/>
  <testcase name="crearClienteSinCedula" classname="com.manuel.proyectointegrador.ClienteServiceTest" time="0.0"/>
  <testcase name="crearClienteSinNombre" classname="com.manuel.proyectointegrador.ClienteServiceTest" time="0.0"/>
  <system-out><![CDATA[]]></system-out>
  <system-err><![CDATA[]]></system-err>
</testsuite>
