<?xml version="1.0" encoding="UTF-8"?>
<testsuite name="com.manuel.proyectointegrador.EmpleadoServiceTest" tests="4" skipped="0" failures="0" errors="0" timestamp="2023-04-12T14:22:41" hostname="MANUEL-PC" time="0.051">
  <properties/>
  <testcase name="crearEmpleadoSinCedula" classname="com.manuel.proyectointegrador.EmpleadoServiceTest" time="0.047"/>
  <testcase name="crearEmpleadoSinNombre" classname="com.manuel.proyectointegrador.EmpleadoServiceTest" time="0.001"/>
  <testcase name="crearEmpleadoSinApellido" classname="com.manuel.proyectointegrador.EmpleadoServiceTest" time="0.001"/>
  <testcase name="crearEmpleado" classname="com.manuel.proyectointegrador.EmpleadoServiceTest" time="0.002"/>
  <system-out><![CDATA[]]></system-out>
  <system-err><![CDATA[]]></system-err>
</testsuite>
