<?xml version="1.0" encoding="UTF-8"?>
<testsuite name="com.manuel.proyectointegrador.EnvioServiceTest" tests="1" skipped="0" failures="0" errors="0" timestamp="2023-04-17T15:39:07" hostname="MANUEL-PC" time="0.796">
  <properties/>
  <testcase name="actualizarEstado" classname="com.manuel.proyectointegrador.EnvioServiceTest" time="0.796"/>
  <system-out><![CDATA[]]></system-out>
  <system-err><![CDATA[]]></system-err>
</testsuite>
