<?xml version="1.0" encoding="UTF-8"?>
<testsuite name="com.manuel.proyectointegrador.ProyectoIntegradorApplicationTests" tests="1" skipped="0" failures="0" errors="0" timestamp="2023-04-12T14:22:40" hostname="MANUEL-PC" time="0.216">
  <properties/>
  <testcase name="contextLoads()" classname="com.manuel.proyectointegrador.ProyectoIntegradorApplicationTests" time="0.216"/>
  <system-out><![CDATA[09:22:34.358 [Test worker] DEBUG org.springframework.test.context.BootstrapUtils - Instantiating CacheAwareContextLoaderDelegate from class [org.springframework.test.context.cache.DefaultCacheAwareContextLoaderDelegate]
09:22:34.369 [Test worker] DEBUG org.springframework.test.context.BootstrapUtils - Instantiating BootstrapContext using constructor [public org.springframework.test.context.support.DefaultBootstrapContext(java.lang.Class,org.springframework.test.context.CacheAwareContextLoaderDelegate)]
09:22:34.403 [Test worker] DEBUG org.springframework.test.context.BootstrapUtils - Instantiating TestContextBootstrapper for test class [com.manuel.proyectointegrador.ProyectoIntegradorApplicationTests] from class [org.springframework.boot.test.context.SpringBootTestContextBootstrapper]
09:22:34.413 [Test worker] INFO org.springframework.boot.test.context.SpringBootTestContextBootstrapper - Neither @ContextConfiguration nor @ContextHierarchy found for test class [com.manuel.proyectointegrador.ProyectoIntegradorApplicationTests], using SpringBootContextLoader
09:22:34.421 [Test worker] DEBUG org.springframework.test.context.support.AbstractContextLoader - Did not detect default resource location for test class [com.manuel.proyectointegrador.ProyectoIntegradorApplicationTests]: class path resource [com/manuel/proyectointegrador/ProyectoIntegradorApplicationTests-context.xml] does not exist
09:22:34.422 [Test worker] DEBUG org.springframework.test.context.support.AbstractContextLoader - Did not detect default resource location for test class [com.manuel.proyectointegrador.ProyectoIntegradorApplicationTests]: class path resource [com/manuel/proyectointegrador/ProyectoIntegradorApplicationTestsContext.groovy] does not exist
09:22:34.422 [Test worker] INFO org.springframework.test.context.support.AbstractContextLoader - Could not detect default resource locations for test class [com.manuel.proyectointegrador.ProyectoIntegradorApplicationTests]: no resource found for suffixes {-context.xml, Context.groovy}.
09:22:34.422 [Test worker] INFO org.springframework.test.context.support.AnnotationConfigContextLoaderUtils - Could not detect default configuration classes for test class [com.manuel.proyectointegrador.ProyectoIntegradorApplicationTests]: ProyectoIntegradorApplicationTests does not declare any static, non-private, non-final, nested classes annotated with @Configuration.
09:22:34.462 [Test worker] DEBUG org.springframework.test.context.support.ActiveProfilesUtils - Could not find an 'annotation declaring class' for annotation type [org.springframework.test.context.ActiveProfiles] and class [com.manuel.proyectointegrador.ProyectoIntegradorApplicationTests]
09:22:34.523 [Test worker] DEBUG org.springframework.context.annotation.ClassPathScanningCandidateComponentProvider - Identified candidate component class: file [C:\Users\57302\OneDrive\Documents\GitHub\PROYECTO-INTEGRADOR-MAKAIA\proyecto-integrador\build\classes\java\main\com\manuel\proyectointegrador\ProyectoIntegradorApplication.class]
09:22:34.524 [Test worker] INFO org.springframework.boot.test.context.SpringBootTestContextBootstrapper - Found @SpringBootConfiguration com.manuel.proyectointegrador.ProyectoIntegradorApplication for test class com.manuel.proyectointegrador.ProyectoIntegradorApplicationTests
09:22:34.633 [Test worker] DEBUG org.springframework.boot.test.context.SpringBootTestContextBootstrapper - @TestExecutionListeners is not present for class [com.manuel.proyectointegrador.ProyectoIntegradorApplicationTests]: using defaults.
09:22:34.633 [Test worker] INFO org.springframework.boot.test.context.SpringBootTestContextBootstrapper - Loaded default TestExecutionListener class names from location [META-INF/spring.factories]: [org.springframework.boot.test.autoconfigure.restdocs.RestDocsTestExecutionListener, org.springframework.boot.test.autoconfigure.web.client.MockRestServiceServerResetTestExecutionListener, org.springframework.boot.test.autoconfigure.web.servlet.MockMvcPrintOnlyOnFailureTestExecutionListener, org.springframework.boot.test.autoconfigure.web.servlet.WebDriverTestExecutionListener, org.springframework.boot.test.autoconfigure.webservices.client.MockWebServiceServerTestExecutionListener, org.springframework.boot.test.mock.mockito.MockitoTestExecutionListener, org.springframework.boot.test.mock.mockito.ResetMocksTestExecutionListener, org.springframework.test.context.web.ServletTestExecutionListener, org.springframework.test.context.support.DirtiesContextBeforeModesTestExecutionListener, org.springframework.test.context.event.ApplicationEventsTestExecutionListener, org.springframework.test.context.support.DependencyInjectionTestExecutionListener, org.springframework.test.context.support.DirtiesContextTestExecutionListener, org.springframework.test.context.transaction.TransactionalTestExecutionListener, org.springframework.test.context.jdbc.SqlScriptsTestExecutionListener, org.springframework.test.context.event.EventPublishingTestExecutionListener]
09:22:34.650 [Test worker] INFO org.springframework.boot.test.context.SpringBootTestContextBootstrapper - Using TestExecutionListeners: [org.springframework.test.context.web.ServletTestExecutionListener@64f857e7, org.springframework.test.context.support.DirtiesContextBeforeModesTestExecutionListener@1095f122, org.springframework.test.context.event.ApplicationEventsTestExecutionListener@58c540cf, org.springframework.boot.test.mock.mockito.MockitoTestExecutionListener@3d6300e8, org.springframework.boot.test.autoconfigure.SpringBootDependencyInjectionTestExecutionListener@1b822fcc, org.springframework.test.context.support.DirtiesContextTestExecutionListener@24a1c17f, org.springframework.test.context.transaction.TransactionalTestExecutionListener@56102e1c, org.springframework.test.context.jdbc.SqlScriptsTestExecutionListener@73511076, org.springframework.test.context.event.EventPublishingTestExecutionListener@7927bd9f, org.springframework.boot.test.autoconfigure.restdocs.RestDocsTestExecutionListener@532721fd, org.springframework.boot.test.autoconfigure.web.client.MockRestServiceServerResetTestExecutionListener@410954b, org.springframework.boot.test.autoconfigure.web.servlet.MockMvcPrintOnlyOnFailureTestExecutionListener@7fb9f71f, org.springframework.boot.test.autoconfigure.web.servlet.WebDriverTestExecutionListener@3b366632, org.springframework.boot.test.autoconfigure.webservices.client.MockWebServiceServerTestExecutionListener@51f49060, org.springframework.boot.test.mock.mockito.ResetMocksTestExecutionListener@514eedd8]
09:22:34.654 [Test worker] DEBUG org.springframework.test.context.support.AbstractDirtiesContextTestExecutionListener - Before test class: context [DefaultTestContext@790174f2 testClass = ProyectoIntegradorApplicationTests, testInstance = [null], testMethod = [null], testException = [null], mergedContextConfiguration = [WebMergedContextConfiguration@42257bdd testClass = ProyectoIntegradorApplicationTests, locations = '{}', classes = '{class com.manuel.proyectointegrador.ProyectoIntegradorApplication}', contextInitializerClasses = '[]', activeProfiles = '{}', propertySourceLocations = '{}', propertySourceProperties = '{org.springframework.boot.test.context.SpringBootTestContextBootstrapper=true}', contextCustomizers = set[org.springframework.boot.test.autoconfigure.actuate.metrics.MetricsExportContextCustomizerFactory$DisableMetricExportContextCustomizer@302a07d, org.springframework.boot.test.autoconfigure.properties.PropertyMappingContextCustomizer@0, org.springframework.boot.test.autoconfigure.web.servlet.WebDriverContextCustomizerFactory$Customizer@35e5d0e5, org.springframework.boot.test.context.filter.ExcludeFilterContextCustomizer@3401a114, org.springframework.boot.test.json.DuplicateJsonObjectContextCustomizerFactory$DuplicateJsonObjectContextCustomizer@58ffcbd7, org.springframework.boot.test.mock.mockito.MockitoContextCustomizer@0, org.springframework.boot.test.web.client.TestRestTemplateContextCustomizer@3fb6cf60, org.springframework.boot.test.context.SpringBootTestArgs@1, org.springframework.boot.test.context.SpringBootTestWebEnvironment@2805d709], resourceBasePath = 'src/main/webapp', contextLoader = 'org.springframework.boot.test.context.SpringBootContextLoader', parent = [null]], attributes = map['org.springframework.test.context.web.ServletTestExecutionListener.activateListener' -> true]], class annotated with @DirtiesContext [false] with mode [null].

  .   ____          _            __ _ _
 /\\ / ___'_ __ _ _(_)_ __  __ _ \ \ \ \
( ( )\___ | '_ | '_| | '_ \/ _` | \ \ \ \
 \\/  ___)| |_)| | | | | || (_| |  ) ) ) )
  '  |____| .__|_| |_|_| |_\__, | / / / /
 =========|_|==============|___/=/_/_/_/
 :: Spring Boot ::      (v2.7.10-SNAPSHOT)

2023-04-12 09:22:35.017  INFO 6652 --- [    Test worker] c.m.p.ProyectoIntegradorApplicationTests : Starting ProyectoIntegradorApplicationTests using Java 17.0.6 on Manuel-PC with PID 6652 (started by 57302 in C:\Users\57302\OneDrive\Documents\GitHub\PROYECTO-INTEGRADOR-MAKAIA\proyecto-integrador)
2023-04-12 09:22:35.018  INFO 6652 --- [    Test worker] c.m.p.ProyectoIntegradorApplicationTests : No active profile set, falling back to 1 default profile: "default"
2023-04-12 09:22:36.015  INFO 6652 --- [    Test worker] .s.d.r.c.RepositoryConfigurationDelegate : Bootstrapping Spring Data JPA repositories in DEFAULT mode.
2023-04-12 09:22:36.125  INFO 6652 --- [    Test worker] .s.d.r.c.RepositoryConfigurationDelegate : Finished Spring Data repository scanning in 95 ms. Found 4 JPA repository interfaces.
2023-04-12 09:22:37.038  INFO 6652 --- [    Test worker] o.hibernate.jpa.internal.util.LogHelper  : HHH000204: Processing PersistenceUnitInfo [name: default]
2023-04-12 09:22:37.128  INFO 6652 --- [    Test worker] org.hibernate.Version                    : HHH000412: Hibernate ORM core version 5.6.15.Final
2023-04-12 09:22:37.321  INFO 6652 --- [    Test worker] o.hibernate.annotations.common.Version   : HCANN000001: Hibernate Commons Annotations {5.1.2.Final}
2023-04-12 09:22:37.454  INFO 6652 --- [    Test worker] com.zaxxer.hikari.HikariDataSource       : HikariPool-1 - Starting...
2023-04-12 09:22:37.862  INFO 6652 --- [    Test worker] com.zaxxer.hikari.HikariDataSource       : HikariPool-1 - Start completed.
2023-04-12 09:22:37.909  INFO 6652 --- [    Test worker] org.hibernate.dialect.Dialect            : HHH000400: Using dialect: org.hibernate.dialect.MySQL8Dialect
2023-04-12 09:22:38.666  INFO 6652 --- [    Test worker] o.h.e.t.j.p.i.JtaPlatformInitiator       : HHH000490: Using JtaPlatform implementation: [org.hibernate.engine.transaction.jta.platform.internal.NoJtaPlatform]
2023-04-12 09:22:38.676  INFO 6652 --- [    Test worker] j.LocalContainerEntityManagerFactoryBean : Initialized JPA EntityManagerFactory for persistence unit 'default'
2023-04-12 09:22:39.558  WARN 6652 --- [    Test worker] JpaBaseConfiguration$JpaWebConfiguration : spring.jpa.open-in-view is enabled by default. Therefore, database queries may be performed during view rendering. Explicitly configure spring.jpa.open-in-view to disable this warning
2023-04-12 09:22:40.838  INFO 6652 --- [    Test worker] c.m.p.ProyectoIntegradorApplicationTests : Started ProyectoIntegradorApplicationTests in 6.147 seconds (JVM running for 7.387)
]]></system-out>
  <system-err><![CDATA[]]></system-err>
</testsuite>
